0 verbose cli /data/data/com.termux/files/usr/bin/node /data/data/com.termux/files/usr/bin/npm
1 info using npm@11.6.0
2 info using node@v24.9.0
3 silly config load:file:/data/data/com.termux/files/usr/lib/node_modules/npm/npmrc
4 silly config load:file:/data/data/com.termux/files/home/.npmrc
5 silly config load:file:/data/data/com.termux/files/usr/etc/npmrc
6 verbose title npm install http-server
7 verbose argv "install" "--global" "http-server"
8 verbose logfile logs-max:10 dir:/data/data/com.termux/files/home/.npm/_logs/2025-11-27T14_46_37_193Z-
9 verbose logfile /data/data/com.termux/files/home/.npm/_logs/2025-11-27T14_46_37_193Z-debug-0.log
10 silly packumentCache heap:1174405120 maxSize:293601280 maxEntrySize:146800640
11 silly logfile done cleaning log files
12 silly idealTree buildDeps
13 silly fetch manifest http-server@*
14 silly packumentCache full:https://registry.npmjs.org/http-server cache-miss
15 http fetch GET 200 https://registry.npmjs.org/http-server 909ms (cache updated)
16 silly packumentCache full:https://registry.npmjs.org/http-server set size:undefined disposed:false
17 silly placeDep ROOT http-server@14.1.1 OK for:  want: *
18 silly fetch manifest he@^1.2.0
19 silly packumentCache full:https://registry.npmjs.org/he cache-miss
20 silly fetch manifest mime@^1.6.0
21 silly packumentCache full:https://registry.npmjs.org/mime cache-miss
22 silly fetch manifest chalk@^4.1.2
23 silly packumentCache full:https://registry.npmjs.org/chalk cache-miss
24 silly fetch manifest union@~0.5.0
25 silly packumentCache full:https://registry.npmjs.org/union cache-miss
26 silly fetch manifest corser@^2.0.1
27 silly packumentCache full:https://registry.npmjs.org/corser cache-miss
28 silly fetch manifest opener@^1.5.1
29 silly packumentCache full:https://registry.npmjs.org/opener cache-miss
30 silly fetch manifest minimist@^1.2.6
31 silly packumentCache full:https://registry.npmjs.org/minimist cache-miss
32 http fetch GET 200 https://registry.npmjs.org/mime 176ms (cache revalidated)
33 silly packumentCache full:https://registry.npmjs.org/mime set size:119236 disposed:false
34 silly fetch manifest url-join@^4.0.1
35 silly packumentCache full:https://registry.npmjs.org/url-join cache-miss
36 http fetch GET 200 https://registry.npmjs.org/url-join 197ms (cache revalidated)
37 silly packumentCache full:https://registry.npmjs.org/url-join set size:22958 disposed:false
38 silly fetch manifest basic-auth@^2.0.1
39 silly packumentCache full:https://registry.npmjs.org/basic-auth cache-miss
40 http fetch GET 200 https://registry.npmjs.org/corser 595ms (cache revalidated)
41 silly packumentCache full:https://registry.npmjs.org/corser set size:22714 disposed:false
42 silly fetch manifest http-proxy@^1.18.1
43 silly packumentCache full:https://registry.npmjs.org/http-proxy cache-miss
44 http fetch GET 200 https://registry.npmjs.org/opener 603ms (cache revalidated)
45 silly packumentCache full:https://registry.npmjs.org/opener set size:21206 disposed:false
46 silly fetch manifest portfinder@^1.0.28
47 silly packumentCache full:https://registry.npmjs.org/portfinder cache-miss
48 http fetch GET 200 https://registry.npmjs.org/he 616ms (cache revalidated)
49 silly packumentCache full:https://registry.npmjs.org/he set size:58773 disposed:false
50 silly fetch manifest secure-compare@3.0.1
51 silly packumentCache full:https://registry.npmjs.org/secure-compare cache-miss
52 http fetch GET 200 https://registry.npmjs.org/union 623ms (cache revalidated)
53 silly packumentCache full:https://registry.npmjs.org/union set size:49652 disposed:false
54 silly fetch manifest html-encoding-sniffer@^3.0.0
55 silly packumentCache full:https://registry.npmjs.org/html-encoding-sniffer cache-miss
56 http fetch GET 200 https://registry.npmjs.org/basic-auth 240ms (cache revalidated)
57 silly packumentCache full:https://registry.npmjs.org/basic-auth set size:21757 disposed:false
58 http fetch GET 200 https://registry.npmjs.org/minimist 665ms (cache updated)
59 silly packumentCache full:https://registry.npmjs.org/minimist set size:undefined disposed:false
60 http fetch GET 200 https://registry.npmjs.org/chalk 681ms (cache updated)
61 silly packumentCache full:https://registry.npmjs.org/chalk set size:undefined disposed:false
62 http fetch GET 200 https://registry.npmjs.org/portfinder 184ms (cache revalidated)
63 silly packumentCache full:https://registry.npmjs.org/portfinder set size:92930 disposed:false
64 http fetch GET 200 https://registry.npmjs.org/http-proxy 214ms (cache revalidated)
65 silly packumentCache full:https://registry.npmjs.org/http-proxy set size:183156 disposed:false
66 http fetch GET 200 https://registry.npmjs.org/html-encoding-sniffer 207ms (cache revalidated)
67 silly packumentCache full:https://registry.npmjs.org/html-encoding-sniffer set size:18552 disposed:false
68 http fetch GET 200 https://registry.npmjs.org/secure-compare 226ms (cache revalidated)
69 silly packumentCache full:https://registry.npmjs.org/secure-compare set size:3978 disposed:false
70 silly placeDep node_modules/http-server basic-auth@2.0.1 OK for: http-server@14.1.1 want: ^2.0.1
71 silly placeDep node_modules/http-server chalk@4.1.2 OK for: http-server@14.1.1 want: ^4.1.2
72 silly placeDep node_modules/http-server corser@2.0.1 OK for: http-server@14.1.1 want: ^2.0.1
73 silly placeDep node_modules/http-server he@1.2.0 OK for: http-server@14.1.1 want: ^1.2.0
74 silly placeDep node_modules/http-server html-encoding-sniffer@3.0.0 OK for: http-server@14.1.1 want: ^3.0.0
75 silly placeDep node_modules/http-server http-proxy@1.18.1 OK for: http-server@14.1.1 want: ^1.18.1
76 silly placeDep node_modules/http-server mime@1.6.0 OK for: http-server@14.1.1 want: ^1.6.0
77 silly placeDep node_modules/http-server minimist@1.2.8 OK for: http-server@14.1.1 want: ^1.2.6
78 silly placeDep node_modules/http-server opener@1.5.2 OK for: http-server@14.1.1 want: ^1.5.1
79 silly placeDep node_modules/http-server portfinder@1.0.38 OK for: http-server@14.1.1 want: ^1.0.28
80 silly placeDep node_modules/http-server secure-compare@3.0.1 OK for: http-server@14.1.1 want: 3.0.1
81 silly placeDep node_modules/http-server union@0.5.0 OK for: http-server@14.1.1 want: ~0.5.0
82 silly placeDep node_modules/http-server url-join@4.0.1 OK for: http-server@14.1.1 want: ^4.0.1
83 silly fetch manifest safe-buffer@5.1.2
84 silly packumentCache full:https://registry.npmjs.org/safe-buffer cache-miss
85 silly fetch manifest ansi-styles@^4.1.0
86 silly packumentCache full:https://registry.npmjs.org/ansi-styles cache-miss
87 silly fetch manifest supports-color@^7.1.0
88 silly packumentCache full:https://registry.npmjs.org/supports-color cache-miss
89 silly fetch manifest whatwg-encoding@^2.0.0
90 silly packumentCache full:https://registry.npmjs.org/whatwg-encoding cache-miss
91 silly fetch manifest eventemitter3@^4.0.0
92 silly packumentCache full:https://registry.npmjs.org/eventemitter3 cache-miss
93 silly fetch manifest requires-port@^1.0.0
94 silly packumentCache full:https://registry.npmjs.org/requires-port cache-miss
95 silly fetch manifest follow-redirects@^1.0.0
96 silly packumentCache full:https://registry.npmjs.org/follow-redirects cache-miss
97 http fetch GET 200 https://registry.npmjs.org/safe-buffer 184ms (cache revalidated)
98 silly packumentCache full:https://registry.npmjs.org/safe-buffer set size:41183 disposed:false
99 silly fetch manifest async@^3.2.6
100 silly packumentCache full:https://registry.npmjs.org/async cache-miss
101 http fetch GET 200 https://registry.npmjs.org/whatwg-encoding 205ms (cache revalidated)
102 silly packumentCache full:https://registry.npmjs.org/whatwg-encoding set size:24764 disposed:false
103 silly fetch manifest debug@^4.3.6
104 silly packumentCache full:https://registry.npmjs.org/debug cache-miss
105 http fetch GET 200 https://registry.npmjs.org/follow-redirects 212ms (cache revalidated)
106 silly packumentCache full:https://registry.npmjs.org/follow-redirects set size:186700 disposed:false
107 silly fetch manifest qs@^6.4.0
108 silly packumentCache full:https://registry.npmjs.org/qs cache-miss
109 http fetch GET 200 https://registry.npmjs.org/supports-color 234ms (cache revalidated)
110 silly packumentCache full:https://registry.npmjs.org/supports-color set size:118680 disposed:false
111 http fetch GET 200 https://registry.npmjs.org/eventemitter3 245ms (cache revalidated)
112 silly packumentCache full:https://registry.npmjs.org/eventemitter3 set size:86060 disposed:false
113 http fetch GET 200 https://registry.npmjs.org/ansi-styles 259ms (cache revalidated)
114 silly packumentCache full:https://registry.npmjs.org/ansi-styles set size:63233 disposed:false
115 http fetch GET 200 https://registry.npmjs.org/requires-port 270ms (cache revalidated)
116 silly packumentCache full:https://registry.npmjs.org/requires-port set size:8110 disposed:false
117 http fetch GET 200 https://registry.npmjs.org/async 231ms (cache revalidated)
118 silly packumentCache full:https://registry.npmjs.org/async set size:230496 disposed:false
119 http fetch GET 200 https://registry.npmjs.org/debug 253ms (cache revalidated)
120 silly packumentCache full:https://registry.npmjs.org/debug set size:195840 disposed:false
121 http fetch GET 200 https://registry.npmjs.org/qs 254ms (cache revalidated)
122 silly packumentCache full:https://registry.npmjs.org/qs set size:264677 disposed:false
123 silly placeDep node_modules/http-server safe-buffer@5.1.2 OK for: basic-auth@2.0.1 want: 5.1.2
124 silly placeDep node_modules/http-server ansi-styles@4.3.0 OK for: chalk@4.1.2 want: ^4.1.0
125 silly placeDep node_modules/http-server supports-color@7.2.0 OK for: chalk@4.1.2 want: ^7.1.0
126 silly fetch manifest color-convert@^2.0.1
127 silly packumentCache full:https://registry.npmjs.org/color-convert cache-miss
128 silly fetch manifest has-flag@^4.0.0
129 silly packumentCache full:https://registry.npmjs.org/has-flag cache-miss
130 http fetch GET 200 https://registry.npmjs.org/has-flag 168ms (cache revalidated)
131 silly packumentCache full:https://registry.npmjs.org/has-flag set size:15180 disposed:false
132 http fetch GET 200 https://registry.npmjs.org/color-convert 198ms (cache updated)
133 silly packumentCache full:https://registry.npmjs.org/color-convert set size:undefined disposed:false
134 silly placeDep node_modules/http-server color-convert@2.0.1 OK for: ansi-styles@4.3.0 want: ^2.0.1
135 silly fetch manifest color-name@~1.1.4
136 silly packumentCache full:https://registry.npmjs.org/color-name cache-miss
137 http fetch GET 200 https://registry.npmjs.org/color-name 165ms (cache updated)
138 silly packumentCache full:https://registry.npmjs.org/color-name set size:undefined disposed:false
139 silly placeDep node_modules/http-server color-name@1.1.4 OK for: color-convert@2.0.1 want: ~1.1.4
140 silly placeDep node_modules/http-server whatwg-encoding@2.0.0 OK for: html-encoding-sniffer@3.0.0 want: ^2.0.0
141 silly fetch manifest iconv-lite@0.6.3
142 silly packumentCache full:https://registry.npmjs.org/iconv-lite cache-miss
143 http fetch GET 200 https://registry.npmjs.org/iconv-lite 178ms (cache revalidated)
144 silly packumentCache full:https://registry.npmjs.org/iconv-lite set size:118890 disposed:false
145 silly placeDep node_modules/http-server eventemitter3@4.0.7 OK for: http-proxy@1.18.1 want: ^4.0.0
146 silly placeDep node_modules/http-server follow-redirects@1.15.11 OK for: http-proxy@1.18.1 want: ^1.0.0
147 silly placeDep node_modules/http-server requires-port@1.0.0 OK for: http-proxy@1.18.1 want: ^1.0.0
148 silly placeDep node_modules/http-server async@3.2.6 OK for: portfinder@1.0.38 want: ^3.2.6
149 silly placeDep node_modules/http-server debug@4.4.3 OK for: portfinder@1.0.38 want: ^4.3.6
150 silly fetch manifest ms@^2.1.3
151 silly packumentCache full:https://registry.npmjs.org/ms cache-miss
152 http fetch GET 200 https://registry.npmjs.org/ms 180ms (cache revalidated)
153 silly packumentCache full:https://registry.npmjs.org/ms set size:92208 disposed:false
154 silly placeDep node_modules/http-server ms@2.1.3 OK for: debug@4.4.3 want: ^2.1.3
155 silly placeDep node_modules/http-server has-flag@4.0.0 OK for: supports-color@7.2.0 want: ^4.0.0
156 silly placeDep node_modules/http-server qs@6.14.0 OK for: union@0.5.0 want: ^6.4.0
157 silly fetch manifest side-channel@^1.1.0
158 silly packumentCache full:https://registry.npmjs.org/side-channel cache-miss
159 http fetch GET 200 https://registry.npmjs.org/side-channel 163ms (cache revalidated)
160 silly packumentCache full:https://registry.npmjs.org/side-channel set size:24660 disposed:false
161 silly placeDep node_modules/http-server side-channel@1.1.0 OK for: qs@6.14.0 want: ^1.1.0
162 silly fetch manifest es-errors@^1.3.0
163 silly packumentCache full:https://registry.npmjs.org/es-errors cache-miss
164 silly fetch manifest object-inspect@^1.13.3
165 silly packumentCache full:https://registry.npmjs.org/object-inspect cache-miss
166 silly fetch manifest side-channel-list@^1.0.0
167 silly packumentCache full:https://registry.npmjs.org/side-channel-list cache-miss
168 silly fetch manifest side-channel-map@^1.0.1
169 silly packumentCache full:https://registry.npmjs.org/side-channel-map cache-miss
170 silly fetch manifest side-channel-weakmap@^1.0.2
171 silly packumentCache full:https://registry.npmjs.org/side-channel-weakmap cache-miss
172 http fetch GET 200 https://registry.npmjs.org/side-channel-map 174ms (cache revalidated)
173 silly packumentCache full:https://registry.npmjs.org/side-channel-map set size:9126 disposed:false
174 http fetch GET 200 https://registry.npmjs.org/side-channel-list 202ms (cache revalidated)
175 silly packumentCache full:https://registry.npmjs.org/side-channel-list set size:6005 disposed:false
176 http fetch GET 200 https://registry.npmjs.org/side-channel-weakmap 202ms (cache revalidated)
177 silly packumentCache full:https://registry.npmjs.org/side-channel-weakmap set size:12620 disposed:false
178 http fetch GET 200 https://registry.npmjs.org/object-inspect 213ms (cache revalidated)
179 silly packumentCache full:https://registry.npmjs.org/object-inspect set size:101912 disposed:false
180 http fetch GET 200 https://registry.npmjs.org/es-errors 240ms (cache revalidated)
181 silly packumentCache full:https://registry.npmjs.org/es-errors set size:16918 disposed:false
182 silly placeDep node_modules/http-server es-errors@1.3.0 OK for: side-channel@1.1.0 want: ^1.3.0
183 silly placeDep node_modules/http-server object-inspect@1.13.4 OK for: side-channel@1.1.0 want: ^1.13.3
184 silly placeDep node_modules/http-server side-channel-list@1.0.0 OK for: side-channel@1.1.0 want: ^1.0.0
185 silly placeDep node_modules/http-server side-channel-map@1.0.1 OK for: side-channel@1.1.0 want: ^1.0.1
186 silly placeDep node_modules/http-server side-channel-weakmap@1.0.2 OK for: side-channel@1.1.0 want: ^1.0.2
187 silly fetch manifest call-bound@^1.0.2
188 silly packumentCache full:https://registry.npmjs.org/call-bound cache-miss
189 silly fetch manifest get-intrinsic@^1.2.5
190 silly packumentCache full:https://registry.npmjs.org/get-intrinsic cache-miss
191 silly fetch manifest call-bound@^1.0.2
192 silly packumentCache full:https://registry.npmjs.org/call-bound cache-miss
193 silly fetch manifest get-intrinsic@^1.2.5
194 silly packumentCache full:https://registry.npmjs.org/get-intrinsic cache-miss
195 http fetch GET 200 https://registry.npmjs.org/call-bound 165ms (cache revalidated)
196 silly packumentCache full:https://registry.npmjs.org/call-bound set size:15317 disposed:false
197 http fetch GET 200 https://registry.npmjs.org/get-intrinsic 167ms (cache revalidated)
198 silly packumentCache full:https://registry.npmjs.org/get-intrinsic set size:60985 disposed:false
199 http fetch GET 200 https://registry.npmjs.org/get-intrinsic 177ms (cache revalidated)
200 silly packumentCache full:https://registry.npmjs.org/get-intrinsic set size:60985 disposed:false
201 silly packumentCache full:https://registry.npmjs.org/get-intrinsic dispose
202 http fetch GET 200 https://registry.npmjs.org/call-bound 187ms (cache revalidated)
203 silly packumentCache full:https://registry.npmjs.org/call-bound set size:15317 disposed:false
204 silly packumentCache full:https://registry.npmjs.org/call-bound dispose
205 silly placeDep node_modules/http-server call-bound@1.0.4 OK for: side-channel-map@1.0.1 want: ^1.0.2
206 silly placeDep node_modules/http-server get-intrinsic@1.3.0 OK for: side-channel-map@1.0.1 want: ^1.2.5
207 silly fetch manifest call-bind-apply-helpers@^1.0.2
208 silly packumentCache full:https://registry.npmjs.org/call-bind-apply-helpers cache-miss
209 silly fetch manifest get-intrinsic@^1.3.0
210 silly packumentCache full:https://registry.npmjs.org/get-intrinsic cache-hit
211 silly fetch manifest gopd@^1.2.0
212 silly packumentCache full:https://registry.npmjs.org/gopd cache-miss
213 silly fetch manifest hasown@^2.0.2
214 silly packumentCache full:https://registry.npmjs.org/hasown cache-miss
215 silly fetch manifest get-proto@^1.0.1
216 silly packumentCache full:https://registry.npmjs.org/get-proto cache-miss
217 silly fetch manifest has-symbols@^1.1.0
218 silly packumentCache full:https://registry.npmjs.org/has-symbols cache-miss
219 silly fetch manifest function-bind@^1.1.2
220 silly packumentCache full:https://registry.npmjs.org/function-bind cache-miss
221 silly fetch manifest es-object-atoms@^1.1.1
222 silly packumentCache full:https://registry.npmjs.org/es-object-atoms cache-miss
223 http fetch GET 200 https://registry.npmjs.org/call-bind-apply-helpers 158ms (cache revalidated)
224 silly packumentCache full:https://registry.npmjs.org/call-bind-apply-helpers set size:12744 disposed:false
225 silly fetch manifest math-intrinsics@^1.1.0
226 silly packumentCache full:https://registry.npmjs.org/math-intrinsics cache-miss
227 http fetch GET 200 https://registry.npmjs.org/get-proto 173ms (cache revalidated)
228 silly packumentCache full:https://registry.npmjs.org/get-proto set size:8300 disposed:false
229 silly fetch manifest es-define-property@^1.0.1
230 silly packumentCache full:https://registry.npmjs.org/es-define-property cache-miss
231 http fetch GET 200 https://registry.npmjs.org/gopd 218ms (cache revalidated)
232 silly packumentCache full:https://registry.npmjs.org/gopd set size:11458 disposed:false
233 http fetch GET 200 https://registry.npmjs.org/hasown 229ms (cache revalidated)
234 silly packumentCache full:https://registry.npmjs.org/hasown set size:12476 disposed:false
235 http fetch GET 200 https://registry.npmjs.org/function-bind 233ms (cache revalidated)
236 silly packumentCache full:https://registry.npmjs.org/function-bind set size:15733 disposed:false
237 http fetch GET 200 https://registry.npmjs.org/es-object-atoms 234ms (cache revalidated)
238 silly packumentCache full:https://registry.npmjs.org/es-object-atoms set size:15304 disposed:false
239 http fetch GET 200 https://registry.npmjs.org/has-symbols 245ms (cache revalidated)
240 silly packumentCache full:https://registry.npmjs.org/has-symbols set size:21550 disposed:false
241 http fetch GET 200 https://registry.npmjs.org/es-define-property 149ms (cache revalidated)
242 silly packumentCache full:https://registry.npmjs.org/es-define-property set size:8542 disposed:false
243 http fetch GET 200 https://registry.npmjs.org/math-intrinsics 173ms (cache revalidated)
244 silly packumentCache full:https://registry.npmjs.org/math-intrinsics set size:9265 disposed:false
245 silly placeDep node_modules/http-server call-bind-apply-helpers@1.0.2 OK for: call-bound@1.0.4 want: ^1.0.2
246 silly placeDep node_modules/http-server function-bind@1.1.2 OK for: call-bind-apply-helpers@1.0.2 want: ^1.1.2
247 silly placeDep node_modules/http-server es-define-property@1.0.1 OK for: get-intrinsic@1.3.0 want: ^1.0.1
248 silly placeDep node_modules/http-server es-object-atoms@1.1.1 OK for: get-intrinsic@1.3.0 want: ^1.1.1
249 silly placeDep node_modules/http-server get-proto@1.0.1 OK for: get-intrinsic@1.3.0 want: ^1.0.1
250 silly placeDep node_modules/http-server gopd@1.2.0 OK for: get-intrinsic@1.3.0 want: ^1.2.0
251 silly placeDep node_modules/http-server has-symbols@1.1.0 OK for: get-intrinsic@1.3.0 want: ^1.1.0
252 silly placeDep node_modules/http-server hasown@2.0.2 OK for: get-intrinsic@1.3.0 want: ^2.0.2
253 silly placeDep node_modules/http-server math-intrinsics@1.1.0 OK for: get-intrinsic@1.3.0 want: ^1.1.0
254 silly fetch manifest dunder-proto@^1.0.1
255 silly packumentCache full:https://registry.npmjs.org/dunder-proto cache-miss
256 http fetch GET 200 https://registry.npmjs.org/dunder-proto 179ms (cache revalidated)
257 silly packumentCache full:https://registry.npmjs.org/dunder-proto set size:8256 disposed:false
258 silly placeDep node_modules/http-server dunder-proto@1.0.1 OK for: get-proto@1.0.1 want: ^1.0.1
259 silly placeDep node_modules/http-server iconv-lite@0.6.3 OK for: whatwg-encoding@2.0.0 want: 0.6.3
260 silly fetch manifest safer-buffer@>= 2.1.2 < 3.0.0
261 silly packumentCache full:https://registry.npmjs.org/safer-buffer cache-miss
262 http fetch GET 200 https://registry.npmjs.org/safer-buffer 153ms (cache revalidated)
263 silly packumentCache full:https://registry.npmjs.org/safer-buffer set size:18521 disposed:false
264 silly placeDep node_modules/http-server safer-buffer@2.1.2 OK for: iconv-lite@0.6.3 want: >= 2.1.2 < 3.0.0
265 silly reify mark retired [
265 silly reify   '/data/data/com.termux/files/usr/lib/node_modules/http-server',
265 silly reify   '/data/data/com.termux/files/usr/bin/http-server'
265 silly reify ]
266 silly reify moves {
266 silly reify   '/data/data/com.termux/files/usr/lib/node_modules/http-server': '/data/data/com.termux/files/usr/lib/node_modules/.http-server-BPsZaV6C',
266 silly reify   '/data/data/com.termux/files/usr/bin/http-server': '/data/data/com.termux/files/usr/bin/.http-server-H3ppnh7J'
266 silly reify }
267 http cache url-join@https://registry.npmjs.org/url-join/-/url-join-4.0.1.tgz 0ms (cache hit)
268 http cache whatwg-encoding@https://registry.npmjs.org/whatwg-encoding/-/whatwg-encoding-2.0.0.tgz 0ms (cache hit)
269 http cache union@https://registry.npmjs.org/union/-/union-0.5.0.tgz 0ms (cache hit)
270 http cache supports-color@https://registry.npmjs.org/supports-color/-/supports-color-7.2.0.tgz 0ms (cache hit)
271 http cache side-channel-weakmap@https://registry.npmjs.org/side-channel-weakmap/-/side-channel-weakmap-1.0.2.tgz 0ms (cache hit)
272 http cache side-channel-map@https://registry.npmjs.org/side-channel-map/-/side-channel-map-1.0.1.tgz 0ms (cache hit)
273 http cache side-channel-list@https://registry.npmjs.org/side-channel-list/-/side-channel-list-1.0.0.tgz 0ms (cache hit)
274 http cache http-server@https://registry.npmjs.org/http-server/-/http-server-14.1.1.tgz 0ms (cache hit)
275 http cache side-channel@https://registry.npmjs.org/side-channel/-/side-channel-1.1.0.tgz 0ms (cache hit)
276 http cache safe-buffer@https://registry.npmjs.org/safe-buffer/-/safe-buffer-5.1.2.tgz 1ms (cache hit)
277 http cache secure-compare@https://registry.npmjs.org/secure-compare/-/secure-compare-3.0.1.tgz 0ms (cache hit)
278 http cache requires-port@https://registry.npmjs.org/requires-port/-/requires-port-1.0.0.tgz 0ms (cache hit)
279 http cache portfinder@https://registry.npmjs.org/portfinder/-/portfinder-1.0.38.tgz 0ms (cache hit)
280 http cache minimist@https://registry.npmjs.org/minimist/-/minimist-1.2.8.tgz 0ms (cache hit)
281 http cache qs@https://registry.npmjs.org/qs/-/qs-6.14.0.tgz 0ms (cache hit)
282 http cache opener@https://registry.npmjs.org/opener/-/opener-1.5.2.tgz 0ms (cache hit)
283 http cache ms@https://registry.npmjs.org/ms/-/ms-2.1.3.tgz 0ms (cache hit)
284 http cache iconv-lite@https://registry.npmjs.org/iconv-lite/-/iconv-lite-0.6.3.tgz 0ms (cache hit)
285 http cache mime@https://registry.npmjs.org/mime/-/mime-1.6.0.tgz 0ms (cache hit)
286 http cache object-inspect@https://registry.npmjs.org/object-inspect/-/object-inspect-1.13.4.tgz 0ms (cache hit)
287 http cache math-intrinsics@https://registry.npmjs.org/math-intrinsics/-/math-intrinsics-1.1.0.tgz 0ms (cache hit)
288 http cache he@https://registry.npmjs.org/he/-/he-1.2.0.tgz 0ms (cache hit)
289 http cache html-encoding-sniffer@https://registry.npmjs.org/html-encoding-sniffer/-/html-encoding-sniffer-3.0.0.tgz 0ms (cache hit)
290 http cache hasown@https://registry.npmjs.org/hasown/-/hasown-2.0.2.tgz 0ms (cache hit)
291 http cache http-proxy@https://registry.npmjs.org/http-proxy/-/http-proxy-1.18.1.tgz 0ms (cache hit)
292 http cache function-bind@https://registry.npmjs.org/function-bind/-/function-bind-1.1.2.tgz 0ms (cache hit)
293 http cache has-flag@https://registry.npmjs.org/has-flag/-/has-flag-4.0.0.tgz 0ms (cache hit)
294 http cache has-symbols@https://registry.npmjs.org/has-symbols/-/has-symbols-1.1.0.tgz 0ms (cache hit)
295 http cache gopd@https://registry.npmjs.org/gopd/-/gopd-1.2.0.tgz 0ms (cache hit)
296 http cache get-intrinsic@https://registry.npmjs.org/get-intrinsic/-/get-intrinsic-1.3.0.tgz 0ms (cache hit)
297 http cache get-proto@https://registry.npmjs.org/get-proto/-/get-proto-1.0.1.tgz 0ms (cache hit)
298 http cache follow-redirects@https://registry.npmjs.org/follow-redirects/-/follow-redirects-1.15.11.tgz 0ms (cache hit)
299 http cache es-errors@https://registry.npmjs.org/es-errors/-/es-errors-1.3.0.tgz 0ms (cache hit)
300 http cache eventemitter3@https://registry.npmjs.org/eventemitter3/-/eventemitter3-4.0.7.tgz 0ms (cache hit)
301 http cache es-object-atoms@https://registry.npmjs.org/es-object-atoms/-/es-object-atoms-1.1.1.tgz 0ms (cache hit)
302 http cache es-define-property@https://registry.npmjs.org/es-define-property/-/es-define-property-1.0.1.tgz 0ms (cache hit)
303 http cache dunder-proto@https://registry.npmjs.org/dunder-proto/-/dunder-proto-1.0.1.tgz 0ms (cache hit)
304 http cache debug@https://registry.npmjs.org/debug/-/debug-4.4.3.tgz 0ms (cache hit)
305 http cache async@https://registry.npmjs.org/async/-/async-3.2.6.tgz 0ms (cache hit)
306 http cache color-name@https://registry.npmjs.org/color-name/-/color-name-1.1.4.tgz 0ms (cache hit)
307 http cache corser@https://registry.npmjs.org/corser/-/corser-2.0.1.tgz 0ms (cache hit)
308 http cache color-convert@https://registry.npmjs.org/color-convert/-/color-convert-2.0.1.tgz 0ms (cache hit)
309 http cache chalk@https://registry.npmjs.org/chalk/-/chalk-4.1.2.tgz 0ms (cache hit)
310 http cache call-bound@https://registry.npmjs.org/call-bound/-/call-bound-1.0.4.tgz 0ms (cache hit)
311 http cache call-bind-apply-helpers@https://registry.npmjs.org/call-bind-apply-helpers/-/call-bind-apply-helpers-1.0.2.tgz 0ms (cache hit)
312 http cache basic-auth@https://registry.npmjs.org/basic-auth/-/basic-auth-2.0.1.tgz 0ms (cache hit)
313 http cache ansi-styles@https://registry.npmjs.org/ansi-styles/-/ansi-styles-4.3.0.tgz 0ms (cache hit)
314 http cache safer-buffer@https://registry.npmjs.org/safer-buffer/-/safer-buffer-2.1.2.tgz 0ms (cache hit)
315 silly CHANGE node_modules/http-server
316 silly CHANGE node_modules/http-server/node_modules/url-join
317 silly CHANGE node_modules/http-server/node_modules/whatwg-encoding
318 silly CHANGE node_modules/http-server/node_modules/union
319 silly CHANGE node_modules/http-server/node_modules/supports-color
320 silly CHANGE node_modules/http-server/node_modules/side-channel-weakmap
321 silly CHANGE node_modules/http-server/node_modules/side-channel-map
322 silly CHANGE node_modules/http-server/node_modules/safer-buffer
323 silly CHANGE node_modules/http-server/node_modules/side-channel-list
324 silly CHANGE node_modules/http-server/node_modules/side-channel
325 silly CHANGE node_modules/http-server/node_modules/safe-buffer
326 silly CHANGE node_modules/http-server/node_modules/secure-compare
327 silly CHANGE node_modules/http-server/node_modules/requires-port
328 silly CHANGE node_modules/http-server/node_modules/portfinder
329 silly CHANGE node_modules/http-server/node_modules/minimist
330 silly CHANGE node_modules/http-server/node_modules/qs
331 silly CHANGE node_modules/http-server/node_modules/opener
332 silly CHANGE node_modules/http-server/node_modules/ms
333 silly CHANGE node_modules/http-server/node_modules/iconv-lite
334 silly CHANGE node_modules/http-server/node_modules/mime
335 silly CHANGE node_modules/http-server/node_modules/object-inspect
336 silly CHANGE node_modules/http-server/node_modules/math-intrinsics
337 silly CHANGE node_modules/http-server/node_modules/he
338 silly CHANGE node_modules/http-server/node_modules/html-encoding-sniffer
339 silly CHANGE node_modules/http-server/node_modules/hasown
340 silly CHANGE node_modules/http-server/node_modules/http-proxy
341 silly CHANGE node_modules/http-server/node_modules/function-bind
342 silly CHANGE node_modules/http-server/node_modules/has-flag
343 silly CHANGE node_modules/http-server/node_modules/has-symbols
344 silly CHANGE node_modules/http-server/node_modules/gopd
345 silly CHANGE node_modules/http-server/node_modules/get-intrinsic
346 silly CHANGE node_modules/http-server/node_modules/get-proto
347 silly CHANGE node_modules/http-server/node_modules/follow-redirects
348 silly CHANGE node_modules/http-server/node_modules/es-errors
349 silly CHANGE node_modules/http-server/node_modules/eventemitter3
350 silly CHANGE node_modules/http-server/node_modules/es-object-atoms
351 silly CHANGE node_modules/http-server/node_modules/es-define-property
352 silly CHANGE node_modules/http-server/node_modules/dunder-proto
353 silly CHANGE node_modules/http-server/node_modules/debug
354 silly CHANGE node_modules/http-server/node_modules/async
355 silly CHANGE node_modules/http-server/node_modules/color-name
356 silly CHANGE node_modules/http-server/node_modules/corser
357 silly CHANGE node_modules/http-server/node_modules/color-convert
358 silly CHANGE node_modules/http-server/node_modules/chalk
359 silly CHANGE node_modules/http-server/node_modules/call-bound
360 silly CHANGE node_modules/http-server/node_modules/call-bind-apply-helpers
361 silly CHANGE node_modules/http-server/node_modules/basic-auth
362 silly CHANGE node_modules/http-server/node_modules/ansi-styles
363 verbose cwd /data/data/com.termux/files/home
364 verbose os Linux 5.15.167-android13-8-00014-gbf0a81a7f319-ab13297889
365 verbose node v24.9.0
366 verbose npm  v11.6.0
367 verbose exit 0
368 info ok
