0 verbose cli /data/data/com.termux/files/usr/bin/node /data/data/com.termux/files/usr/bin/npm
1 info using npm@11.6.0
2 info using node@v24.9.0
3 silly config load:file:/data/data/com.termux/files/usr/lib/node_modules/npm/npmrc
4 silly config load:file:/storage/emulated/0/poem-generator-termux/.npmrc
5 silly config load:file:/data/data/com.termux/files/home/.npmrc
6 silly config load:file:/data/data/com.termux/files/usr/etc/npmrc
7 verbose title npm install
8 verbose argv "install"
9 verbose logfile logs-max:10 dir:/data/data/com.termux/files/home/.npm/_logs/2025-10-12T11_34_16_944Z-
10 verbose logfile /data/data/com.termux/files/home/.npm/_logs/2025-10-12T11_34_16_944Z-debug-0.log
11 silly logfile done cleaning log files
12 silly packumentCache heap:1174405120 maxSize:293601280 maxEntrySize:146800640
13 silly idealTree buildDeps
14 silly fetch manifest express@^4.18.2
15 silly packumentCache full:https://registry.npmjs.org/express cache-miss
16 http fetch GET 200 https://registry.npmjs.org/express 1436ms (cache miss)
17 silly packumentCache full:https://registry.npmjs.org/express set size:undefined disposed:false
18 silly fetch manifest body-parser@^1.20.2
19 silly packumentCache full:https://registry.npmjs.org/body-parser cache-miss
20 http fetch GET 200 https://registry.npmjs.org/body-parser 240ms (cache miss)
21 silly packumentCache full:https://registry.npmjs.org/body-parser set size:undefined disposed:false
22 silly placeDep ROOT body-parser@1.20.3 OK for: poem-generator@1.0.0 want: ^1.20.2
23 silly placeDep ROOT express@4.21.2 OK for: poem-generator@1.0.0 want: ^4.18.2
24 silly fetch manifest qs@6.13.0
25 silly packumentCache full:https://registry.npmjs.org/qs cache-miss
26 silly fetch manifest depd@2.0.0
27 silly packumentCache full:https://registry.npmjs.org/depd cache-miss
28 silly fetch manifest bytes@3.1.2
29 silly packumentCache full:https://registry.npmjs.org/bytes cache-miss
30 silly fetch manifest debug@2.6.9
31 silly packumentCache full:https://registry.npmjs.org/debug cache-miss
32 silly fetch manifest unpipe@1.0.0
33 silly packumentCache full:https://registry.npmjs.org/unpipe cache-miss
34 http fetch GET 200 https://registry.npmjs.org/depd 260ms (cache miss)
35 silly packumentCache full:https://registry.npmjs.org/depd set size:undefined disposed:false
36 silly fetch manifest destroy@1.2.0
37 silly packumentCache full:https://registry.npmjs.org/destroy cache-miss
38 http fetch GET 200 https://registry.npmjs.org/destroy 240ms (cache miss)
39 silly packumentCache full:https://registry.npmjs.org/destroy set size:undefined disposed:false
40 silly fetch manifest type-is@~1.6.18
41 silly packumentCache full:https://registry.npmjs.org/type-is cache-miss
42 http fetch GET 200 https://registry.npmjs.org/type-is 268ms (cache miss)
43 silly packumentCache full:https://registry.npmjs.org/type-is set size:undefined disposed:false
44 silly fetch manifest raw-body@2.5.2
45 silly packumentCache full:https://registry.npmjs.org/raw-body cache-miss
46 http fetch GET 200 https://registry.npmjs.org/bytes 812ms (cache miss)
47 silly packumentCache full:https://registry.npmjs.org/bytes set size:undefined disposed:false
48 silly fetch manifest iconv-lite@0.4.24
49 silly packumentCache full:https://registry.npmjs.org/iconv-lite cache-miss
50 http fetch GET 200 https://registry.npmjs.org/qs 949ms (cache revalidated)
51 silly packumentCache full:https://registry.npmjs.org/qs set size:264677 disposed:false
52 silly fetch manifest http-errors@2.0.0
53 silly packumentCache full:https://registry.npmjs.org/http-errors cache-miss
54 http fetch GET 200 https://registry.npmjs.org/debug 992ms (cache revalidated)
55 silly packumentCache full:https://registry.npmjs.org/debug set size:195840 disposed:false
56 silly fetch manifest on-finished@2.4.1
57 silly packumentCache full:https://registry.npmjs.org/on-finished cache-miss
58 http fetch GET 200 https://registry.npmjs.org/iconv-lite 272ms (cache revalidated)
59 silly packumentCache full:https://registry.npmjs.org/iconv-lite set size:118890 disposed:false
60 silly fetch manifest content-type@~1.0.5
61 silly packumentCache full:https://registry.npmjs.org/content-type cache-miss
62 http fetch GET 200 https://registry.npmjs.org/raw-body 326ms (cache miss)
63 silly packumentCache full:https://registry.npmjs.org/raw-body set size:undefined disposed:false
64 silly fetch manifest etag@~1.8.1
65 silly packumentCache full:https://registry.npmjs.org/etag cache-miss
66 http fetch GET 200 https://registry.npmjs.org/http-errors 307ms (cache miss)
67 silly packumentCache full:https://registry.npmjs.org/http-errors set size:undefined disposed:false
68 silly fetch manifest send@0.19.0
69 silly packumentCache full:https://registry.npmjs.org/send cache-miss
70 http fetch GET 200 https://registry.npmjs.org/unpipe 1287ms (cache miss)
71 silly packumentCache full:https://registry.npmjs.org/unpipe set size:undefined disposed:false
72 silly fetch manifest vary@~1.1.2
73 silly packumentCache full:https://registry.npmjs.org/vary cache-miss
74 http fetch GET 200 https://registry.npmjs.org/on-finished 287ms (cache miss)
75 silly packumentCache full:https://registry.npmjs.org/on-finished set size:undefined disposed:false
76 silly fetch manifest fresh@0.5.2
77 silly packumentCache full:https://registry.npmjs.org/fresh cache-miss
78 http fetch GET 200 https://registry.npmjs.org/content-type 223ms (cache miss)
79 silly packumentCache full:https://registry.npmjs.org/content-type set size:undefined disposed:false
80 silly fetch manifest cookie@0.7.1
81 silly packumentCache full:https://registry.npmjs.org/cookie cache-miss
82 http fetch GET 200 https://registry.npmjs.org/etag 209ms (cache miss)
83 silly packumentCache full:https://registry.npmjs.org/etag set size:undefined disposed:false
84 silly fetch manifest accepts@~1.3.8
85 silly packumentCache full:https://registry.npmjs.org/accepts cache-miss
86 http fetch GET 200 https://registry.npmjs.org/fresh 212ms (cache miss)
87 silly packumentCache full:https://registry.npmjs.org/fresh set size:undefined disposed:false
88 silly fetch manifest methods@~1.1.2
89 silly packumentCache full:https://registry.npmjs.org/methods cache-miss
90 http fetch GET 200 https://registry.npmjs.org/send 291ms (cache miss)
91 silly packumentCache full:https://registry.npmjs.org/send set size:undefined disposed:false
92 silly fetch manifest parseurl@~1.3.3
93 silly packumentCache full:https://registry.npmjs.org/parseurl cache-miss
94 http fetch GET 200 https://registry.npmjs.org/vary 309ms (cache miss)
95 silly packumentCache full:https://registry.npmjs.org/vary set size:undefined disposed:false
96 silly fetch manifest statuses@2.0.1
97 silly packumentCache full:https://registry.npmjs.org/statuses cache-miss
98 http fetch GET 200 https://registry.npmjs.org/cookie 265ms (cache miss)
99 silly packumentCache full:https://registry.npmjs.org/cookie set size:undefined disposed:false
100 silly fetch manifest encodeurl@~2.0.0
101 silly packumentCache full:https://registry.npmjs.org/encodeurl cache-miss
102 http fetch GET 200 https://registry.npmjs.org/accepts 274ms (cache miss)
103 silly packumentCache full:https://registry.npmjs.org/accepts set size:undefined disposed:false
104 silly fetch manifest proxy-addr@~2.0.7
105 silly packumentCache full:https://registry.npmjs.org/proxy-addr cache-miss
106 http fetch GET 200 https://registry.npmjs.org/methods 225ms (cache miss)
107 silly packumentCache full:https://registry.npmjs.org/methods set size:undefined disposed:false
108 silly fetch manifest escape-html@~1.0.3
109 silly packumentCache full:https://registry.npmjs.org/escape-html cache-miss
110 http fetch GET 200 https://registry.npmjs.org/parseurl 211ms (cache miss)
111 silly packumentCache full:https://registry.npmjs.org/parseurl set size:undefined disposed:false
112 silly fetch manifest safe-buffer@5.2.1
113 silly packumentCache full:https://registry.npmjs.org/safe-buffer cache-miss
114 http fetch GET 200 https://registry.npmjs.org/encodeurl 258ms (cache miss)
115 silly packumentCache full:https://registry.npmjs.org/encodeurl set size:undefined disposed:false
116 silly fetch manifest utils-merge@1.0.1
117 silly packumentCache full:https://registry.npmjs.org/utils-merge cache-miss
118 http fetch GET 200 https://registry.npmjs.org/proxy-addr 253ms (cache miss)
119 silly packumentCache full:https://registry.npmjs.org/proxy-addr set size:undefined disposed:false
120 silly fetch manifest content-type@~1.0.4
121 silly packumentCache full:https://registry.npmjs.org/content-type cache-miss
122 http fetch GET 200 https://registry.npmjs.org/statuses 295ms (cache miss)
123 silly packumentCache full:https://registry.npmjs.org/statuses set size:undefined disposed:false
124 silly fetch manifest finalhandler@1.3.1
125 silly packumentCache full:https://registry.npmjs.org/finalhandler cache-miss
126 http cache https://registry.npmjs.org/content-type 20ms (cache hit)
127 silly packumentCache full:https://registry.npmjs.org/content-type set size:17311 disposed:false
128 silly fetch manifest range-parser@~1.2.1
129 silly packumentCache full:https://registry.npmjs.org/range-parser cache-miss
130 http fetch GET 200 https://registry.npmjs.org/escape-html 223ms (cache miss)
131 silly packumentCache full:https://registry.npmjs.org/escape-html set size:undefined disposed:false
132 silly fetch manifest serve-static@1.16.2
133 silly packumentCache full:https://registry.npmjs.org/serve-static cache-miss
134 http fetch GET 200 https://registry.npmjs.org/safe-buffer 219ms (cache revalidated)
135 silly packumentCache full:https://registry.npmjs.org/safe-buffer set size:41183 disposed:false
136 silly fetch manifest array-flatten@1.1.1
137 silly packumentCache full:https://registry.npmjs.org/array-flatten cache-miss
138 http fetch GET 200 https://registry.npmjs.org/utils-merge 206ms (cache miss)
139 silly packumentCache full:https://registry.npmjs.org/utils-merge set size:undefined disposed:false
140 silly fetch manifest path-to-regexp@0.1.12
141 silly packumentCache full:https://registry.npmjs.org/path-to-regexp cache-miss
142 http fetch GET 200 https://registry.npmjs.org/finalhandler 224ms (cache miss)
143 silly packumentCache full:https://registry.npmjs.org/finalhandler set size:undefined disposed:false
144 silly fetch manifest setprototypeof@1.2.0
145 silly packumentCache full:https://registry.npmjs.org/setprototypeof cache-miss
146 http fetch GET 200 https://registry.npmjs.org/range-parser 269ms (cache miss)
147 silly packumentCache full:https://registry.npmjs.org/range-parser set size:undefined disposed:false
148 silly fetch manifest cookie-signature@1.0.6
149 silly packumentCache full:https://registry.npmjs.org/cookie-signature cache-miss
150 http fetch GET 200 https://registry.npmjs.org/serve-static 242ms (cache miss)
151 silly packumentCache full:https://registry.npmjs.org/serve-static set size:undefined disposed:false
152 silly fetch manifest merge-descriptors@1.0.3
153 silly packumentCache full:https://registry.npmjs.org/merge-descriptors cache-miss
154 http fetch GET 200 https://registry.npmjs.org/array-flatten 219ms (cache miss)
155 silly packumentCache full:https://registry.npmjs.org/array-flatten set size:undefined disposed:false
156 silly fetch manifest content-disposition@0.5.4
157 silly packumentCache full:https://registry.npmjs.org/content-disposition cache-miss
158 http fetch GET 200 https://registry.npmjs.org/path-to-regexp 239ms (cache miss)
159 silly packumentCache full:https://registry.npmjs.org/path-to-regexp set size:undefined disposed:false
160 http fetch GET 200 https://registry.npmjs.org/setprototypeof 230ms (cache miss)
161 silly packumentCache full:https://registry.npmjs.org/setprototypeof set size:undefined disposed:false
162 http fetch GET 200 https://registry.npmjs.org/merge-descriptors 236ms (cache miss)
163 silly packumentCache full:https://registry.npmjs.org/merge-descriptors set size:undefined disposed:false
164 http fetch GET 200 https://registry.npmjs.org/cookie-signature 278ms (cache miss)
165 silly packumentCache full:https://registry.npmjs.org/cookie-signature set size:undefined disposed:false
166 http fetch GET 200 https://registry.npmjs.org/content-disposition 221ms (cache miss)
167 silly packumentCache full:https://registry.npmjs.org/content-disposition set size:undefined disposed:false
168 silly placeDep ROOT bytes@3.1.2 OK for: body-parser@1.20.3 want: 3.1.2
169 silly placeDep ROOT content-type@1.0.5 OK for: body-parser@1.20.3 want: ~1.0.5
170 silly placeDep ROOT debug@2.6.9 OK for: body-parser@1.20.3 want: 2.6.9
171 silly placeDep ROOT depd@2.0.0 OK for: body-parser@1.20.3 want: 2.0.0
172 silly placeDep ROOT destroy@1.2.0 OK for: body-parser@1.20.3 want: 1.2.0
173 silly placeDep ROOT http-errors@2.0.0 OK for: body-parser@1.20.3 want: 2.0.0
174 silly placeDep ROOT iconv-lite@0.4.24 OK for: body-parser@1.20.3 want: 0.4.24
175 silly placeDep ROOT on-finished@2.4.1 OK for: body-parser@1.20.3 want: 2.4.1
176 silly placeDep ROOT qs@6.13.0 OK for: body-parser@1.20.3 want: 6.13.0
177 silly placeDep ROOT raw-body@2.5.2 OK for: body-parser@1.20.3 want: 2.5.2
178 silly placeDep ROOT type-is@1.6.18 OK for: body-parser@1.20.3 want: ~1.6.18
179 silly placeDep ROOT unpipe@1.0.0 OK for: body-parser@1.20.3 want: 1.0.0
180 silly fetch manifest ms@2.0.0
181 silly packumentCache full:https://registry.npmjs.org/ms cache-miss
182 silly fetch manifest inherits@2.0.4
183 silly packumentCache full:https://registry.npmjs.org/inherits cache-miss
184 silly fetch manifest toidentifier@1.0.1
185 silly packumentCache full:https://registry.npmjs.org/toidentifier cache-miss
186 silly fetch manifest safer-buffer@>= 2.1.2 < 3
187 silly packumentCache full:https://registry.npmjs.org/safer-buffer cache-miss
188 silly fetch manifest ee-first@1.1.1
189 silly packumentCache full:https://registry.npmjs.org/ee-first cache-miss
190 http fetch GET 200 https://registry.npmjs.org/ms 263ms (cache revalidated)
191 silly packumentCache full:https://registry.npmjs.org/ms set size:92208 disposed:false
192 silly fetch manifest side-channel@^1.0.6
193 silly packumentCache full:https://registry.npmjs.org/side-channel cache-miss
194 http fetch GET 200 https://registry.npmjs.org/ee-first 288ms (cache miss)
195 silly packumentCache full:https://registry.npmjs.org/ee-first set size:undefined disposed:false
196 silly fetch manifest mime-types@~2.1.24
197 silly packumentCache full:https://registry.npmjs.org/mime-types cache-miss
198 http fetch GET 200 https://registry.npmjs.org/toidentifier 306ms (cache miss)
199 silly packumentCache full:https://registry.npmjs.org/toidentifier set size:undefined disposed:false
200 silly fetch manifest media-typer@0.3.0
201 silly packumentCache full:https://registry.npmjs.org/media-typer cache-miss
202 http fetch GET 200 https://registry.npmjs.org/safer-buffer 317ms (cache revalidated)
203 silly packumentCache full:https://registry.npmjs.org/safer-buffer set size:18521 disposed:false
204 http fetch GET 200 https://registry.npmjs.org/inherits 326ms (cache miss)
205 silly packumentCache full:https://registry.npmjs.org/inherits set size:undefined disposed:false
206 http fetch GET 200 https://registry.npmjs.org/media-typer 234ms (cache miss)
207 silly packumentCache full:https://registry.npmjs.org/media-typer set size:undefined disposed:false
208 http fetch GET 200 https://registry.npmjs.org/side-channel 263ms (cache revalidated)
209 silly packumentCache full:https://registry.npmjs.org/side-channel set size:24660 disposed:false
210 http fetch GET 200 https://registry.npmjs.org/mime-types 252ms (cache miss)
211 silly packumentCache full:https://registry.npmjs.org/mime-types set size:undefined disposed:false
212 silly placeDep ROOT ms@2.0.0 OK for: debug@2.6.9 want: 2.0.0
213 silly placeDep ROOT accepts@1.3.8 OK for: express@4.21.2 want: ~1.3.8
214 silly placeDep ROOT array-flatten@1.1.1 OK for: express@4.21.2 want: 1.1.1
215 silly placeDep ROOT content-disposition@0.5.4 OK for: express@4.21.2 want: 0.5.4
216 silly placeDep ROOT cookie@0.7.1 OK for: express@4.21.2 want: 0.7.1
217 silly placeDep ROOT cookie-signature@1.0.6 OK for: express@4.21.2 want: 1.0.6
218 silly placeDep ROOT encodeurl@2.0.0 OK for: express@4.21.2 want: ~2.0.0
219 silly placeDep ROOT escape-html@1.0.3 OK for: express@4.21.2 want: ~1.0.3
220 silly placeDep ROOT etag@1.8.1 OK for: express@4.21.2 want: ~1.8.1
221 silly placeDep ROOT finalhandler@1.3.1 OK for: express@4.21.2 want: 1.3.1
222 silly placeDep ROOT fresh@0.5.2 OK for: express@4.21.2 want: 0.5.2
223 silly placeDep ROOT merge-descriptors@1.0.3 OK for: express@4.21.2 want: 1.0.3
224 silly placeDep ROOT methods@1.1.2 OK for: express@4.21.2 want: ~1.1.2
225 silly placeDep ROOT parseurl@1.3.3 OK for: express@4.21.2 want: ~1.3.3
226 silly placeDep ROOT path-to-regexp@0.1.12 OK for: express@4.21.2 want: 0.1.12
227 silly placeDep ROOT proxy-addr@2.0.7 OK for: express@4.21.2 want: ~2.0.7
228 silly placeDep ROOT range-parser@1.2.1 OK for: express@4.21.2 want: ~1.2.1
229 silly placeDep ROOT safe-buffer@5.2.1 OK for: express@4.21.2 want: 5.2.1
230 silly placeDep ROOT send@0.19.0 OK for: express@4.21.2 want: 0.19.0
231 silly placeDep ROOT serve-static@1.16.2 OK for: express@4.21.2 want: 1.16.2
232 silly placeDep ROOT setprototypeof@1.2.0 OK for: express@4.21.2 want: 1.2.0
233 silly placeDep ROOT statuses@2.0.1 OK for: express@4.21.2 want: 2.0.1
234 silly placeDep ROOT utils-merge@1.0.1 OK for: express@4.21.2 want: 1.0.1
235 silly placeDep ROOT vary@1.1.2 OK for: express@4.21.2 want: ~1.1.2
236 silly fetch manifest mime-types@~2.1.34
237 silly packumentCache full:https://registry.npmjs.org/mime-types cache-miss
238 silly fetch manifest negotiator@0.6.3
239 silly packumentCache full:https://registry.npmjs.org/negotiator cache-miss
240 silly fetch manifest forwarded@0.2.0
241 silly packumentCache full:https://registry.npmjs.org/forwarded cache-miss
242 silly fetch manifest ipaddr.js@1.9.1
243 silly packumentCache full:https://registry.npmjs.org/ipaddr.js cache-miss
244 silly fetch manifest ms@2.1.3
245 silly packumentCache full:https://registry.npmjs.org/ms cache-hit
246 silly fetch manifest mime@1.6.0
247 silly packumentCache full:https://registry.npmjs.org/mime cache-miss
248 http cache https://registry.npmjs.org/mime-types 29ms (cache hit)
249 silly packumentCache full:https://registry.npmjs.org/mime-types set size:136716 disposed:false
250 silly fetch manifest encodeurl@~1.0.2
251 silly packumentCache full:https://registry.npmjs.org/encodeurl cache-miss
252 http cache https://registry.npmjs.org/encodeurl 5ms (cache hit)
253 silly packumentCache full:https://registry.npmjs.org/encodeurl set size:12296 disposed:false
254 http fetch GET 200 https://registry.npmjs.org/mime 243ms (cache revalidated)
255 silly packumentCache full:https://registry.npmjs.org/mime set size:119236 disposed:false
256 http fetch GET 200 https://registry.npmjs.org/negotiator 271ms (cache miss)
257 silly packumentCache full:https://registry.npmjs.org/negotiator set size:undefined disposed:false
258 http fetch GET 200 https://registry.npmjs.org/ipaddr.js 274ms (cache miss)
259 silly packumentCache full:https://registry.npmjs.org/ipaddr.js set size:undefined disposed:false
260 http fetch GET 200 https://registry.npmjs.org/forwarded 291ms (cache miss)
261 silly packumentCache full:https://registry.npmjs.org/forwarded set size:undefined disposed:false
262 silly placeDep ROOT mime-types@2.1.35 OK for: accepts@1.3.8 want: ~2.1.34
263 silly placeDep ROOT negotiator@0.6.3 OK for: accepts@1.3.8 want: 0.6.3
264 silly fetch manifest mime-db@1.52.0
265 silly packumentCache full:https://registry.npmjs.org/mime-db cache-miss
266 http fetch GET 200 https://registry.npmjs.org/mime-db 231ms (cache miss)
267 silly packumentCache full:https://registry.npmjs.org/mime-db set size:undefined disposed:false
268 silly placeDep ROOT inherits@2.0.4 OK for: http-errors@2.0.0 want: 2.0.4
269 silly placeDep ROOT toidentifier@1.0.1 OK for: http-errors@2.0.0 want: 1.0.1
270 silly placeDep ROOT safer-buffer@2.1.2 OK for: iconv-lite@0.4.24 want: >= 2.1.2 < 3
271 silly placeDep ROOT mime-db@1.52.0 OK for: mime-types@2.1.35 want: 1.52.0
272 silly placeDep ROOT ee-first@1.1.1 OK for: on-finished@2.4.1 want: 1.1.1
273 silly placeDep ROOT forwarded@0.2.0 OK for: proxy-addr@2.0.7 want: 0.2.0
274 silly placeDep ROOT ipaddr.js@1.9.1 OK for: proxy-addr@2.0.7 want: 1.9.1
275 silly placeDep ROOT side-channel@1.1.0 OK for: qs@6.13.0 want: ^1.0.6
276 silly fetch manifest es-errors@^1.3.0
277 silly packumentCache full:https://registry.npmjs.org/es-errors cache-miss
278 silly fetch manifest object-inspect@^1.13.3
279 silly packumentCache full:https://registry.npmjs.org/object-inspect cache-miss
280 silly fetch manifest side-channel-list@^1.0.0
281 silly packumentCache full:https://registry.npmjs.org/side-channel-list cache-miss
282 silly fetch manifest side-channel-map@^1.0.1
283 silly packumentCache full:https://registry.npmjs.org/side-channel-map cache-miss
284 silly fetch manifest side-channel-weakmap@^1.0.2
285 silly packumentCache full:https://registry.npmjs.org/side-channel-weakmap cache-miss
286 http fetch GET 200 https://registry.npmjs.org/side-channel-list 233ms (cache revalidated)
287 silly packumentCache full:https://registry.npmjs.org/side-channel-list set size:6005 disposed:false
288 http fetch GET 200 https://registry.npmjs.org/object-inspect 259ms (cache revalidated)
289 silly packumentCache full:https://registry.npmjs.org/object-inspect set size:101912 disposed:false
290 http fetch GET 200 https://registry.npmjs.org/es-errors 269ms (cache revalidated)
291 silly packumentCache full:https://registry.npmjs.org/es-errors set size:16918 disposed:false
292 http fetch GET 200 https://registry.npmjs.org/side-channel-weakmap 268ms (cache revalidated)
293 silly packumentCache full:https://registry.npmjs.org/side-channel-weakmap set size:12620 disposed:false
294 http fetch GET 200 https://registry.npmjs.org/side-channel-map 292ms (cache revalidated)
295 silly packumentCache full:https://registry.npmjs.org/side-channel-map set size:9126 disposed:false
296 silly placeDep node_modules/send encodeurl@1.0.2 OK for: send@0.19.0 want: ~1.0.2
297 silly placeDep ROOT mime@1.6.0 OK for: send@0.19.0 want: 1.6.0
298 silly placeDep node_modules/send ms@2.1.3 OK for: send@0.19.0 want: 2.1.3
299 silly placeDep ROOT es-errors@1.3.0 OK for: side-channel@1.1.0 want: ^1.3.0
300 silly placeDep ROOT object-inspect@1.13.4 OK for: side-channel@1.1.0 want: ^1.13.3
301 silly placeDep ROOT side-channel-list@1.0.0 OK for: side-channel@1.1.0 want: ^1.0.0
302 silly placeDep ROOT side-channel-map@1.0.1 OK for: side-channel@1.1.0 want: ^1.0.1
303 silly placeDep ROOT side-channel-weakmap@1.0.2 OK for: side-channel@1.1.0 want: ^1.0.2
304 silly fetch manifest call-bound@^1.0.2
305 silly packumentCache full:https://registry.npmjs.org/call-bound cache-miss
306 silly fetch manifest get-intrinsic@^1.2.5
307 silly packumentCache full:https://registry.npmjs.org/get-intrinsic cache-miss
308 silly fetch manifest call-bound@^1.0.2
309 silly packumentCache full:https://registry.npmjs.org/call-bound cache-miss
310 silly fetch manifest get-intrinsic@^1.2.5
311 silly packumentCache full:https://registry.npmjs.org/get-intrinsic cache-miss
312 http fetch GET 200 https://registry.npmjs.org/call-bound 269ms (cache revalidated)
313 silly packumentCache full:https://registry.npmjs.org/call-bound set size:15317 disposed:false
314 http fetch GET 200 https://registry.npmjs.org/call-bound 276ms (cache revalidated)
315 silly packumentCache full:https://registry.npmjs.org/call-bound set size:15317 disposed:false
316 silly packumentCache full:https://registry.npmjs.org/call-bound dispose
317 http fetch GET 200 https://registry.npmjs.org/get-intrinsic 280ms (cache revalidated)
318 silly packumentCache full:https://registry.npmjs.org/get-intrinsic set size:60985 disposed:false
319 http fetch GET 200 https://registry.npmjs.org/get-intrinsic 285ms (cache revalidated)
320 silly packumentCache full:https://registry.npmjs.org/get-intrinsic set size:60985 disposed:false
321 silly packumentCache full:https://registry.npmjs.org/get-intrinsic dispose
322 silly placeDep ROOT call-bound@1.0.4 OK for: side-channel-map@1.0.1 want: ^1.0.2
323 silly placeDep ROOT get-intrinsic@1.3.0 OK for: side-channel-map@1.0.1 want: ^1.2.5
324 silly fetch manifest call-bind-apply-helpers@^1.0.2
325 silly packumentCache full:https://registry.npmjs.org/call-bind-apply-helpers cache-miss
326 silly fetch manifest get-intrinsic@^1.3.0
327 silly packumentCache full:https://registry.npmjs.org/get-intrinsic cache-hit
328 silly fetch manifest gopd@^1.2.0
329 silly packumentCache full:https://registry.npmjs.org/gopd cache-miss
330 silly fetch manifest hasown@^2.0.2
331 silly packumentCache full:https://registry.npmjs.org/hasown cache-miss
332 silly fetch manifest get-proto@^1.0.1
333 silly packumentCache full:https://registry.npmjs.org/get-proto cache-miss
334 silly fetch manifest has-symbols@^1.1.0
335 silly packumentCache full:https://registry.npmjs.org/has-symbols cache-miss
336 http fetch GET 200 https://registry.npmjs.org/hasown 227ms (cache revalidated)
337 silly packumentCache full:https://registry.npmjs.org/hasown set size:12476 disposed:false
338 silly fetch manifest function-bind@^1.1.2
339 silly packumentCache full:https://registry.npmjs.org/function-bind cache-miss
340 http fetch GET 200 https://registry.npmjs.org/get-proto 236ms (cache revalidated)
341 silly packumentCache full:https://registry.npmjs.org/get-proto set size:8300 disposed:false
342 silly fetch manifest es-object-atoms@^1.1.1
343 silly packumentCache full:https://registry.npmjs.org/es-object-atoms cache-miss
344 http fetch GET 200 https://registry.npmjs.org/call-bind-apply-helpers 257ms (cache revalidated)
345 silly packumentCache full:https://registry.npmjs.org/call-bind-apply-helpers set size:12744 disposed:false
346 silly fetch manifest math-intrinsics@^1.1.0
347 silly packumentCache full:https://registry.npmjs.org/math-intrinsics cache-miss
348 http fetch GET 200 https://registry.npmjs.org/has-symbols 258ms (cache revalidated)
349 silly packumentCache full:https://registry.npmjs.org/has-symbols set size:21550 disposed:false
350 silly fetch manifest es-define-property@^1.0.1
351 silly packumentCache full:https://registry.npmjs.org/es-define-property cache-miss
352 http fetch GET 200 https://registry.npmjs.org/gopd 277ms (cache revalidated)
353 silly packumentCache full:https://registry.npmjs.org/gopd set size:11458 disposed:false
354 http fetch GET 200 https://registry.npmjs.org/function-bind 250ms (cache revalidated)
355 silly packumentCache full:https://registry.npmjs.org/function-bind set size:15733 disposed:false
356 http fetch GET 200 https://registry.npmjs.org/es-object-atoms 251ms (cache revalidated)
357 silly packumentCache full:https://registry.npmjs.org/es-object-atoms set size:15304 disposed:false
358 http fetch GET 200 https://registry.npmjs.org/math-intrinsics 238ms (cache revalidated)
359 silly packumentCache full:https://registry.npmjs.org/math-intrinsics set size:9265 disposed:false
360 http fetch GET 200 https://registry.npmjs.org/es-define-property 236ms (cache revalidated)
361 silly packumentCache full:https://registry.npmjs.org/es-define-property set size:8542 disposed:false
362 silly placeDep ROOT call-bind-apply-helpers@1.0.2 OK for: call-bound@1.0.4 want: ^1.0.2
363 silly placeDep ROOT function-bind@1.1.2 OK for: call-bind-apply-helpers@1.0.2 want: ^1.1.2
364 silly placeDep ROOT es-define-property@1.0.1 OK for: get-intrinsic@1.3.0 want: ^1.0.1
365 silly placeDep ROOT es-object-atoms@1.1.1 OK for: get-intrinsic@1.3.0 want: ^1.1.1
366 silly placeDep ROOT get-proto@1.0.1 OK for: get-intrinsic@1.3.0 want: ^1.0.1
367 silly placeDep ROOT gopd@1.2.0 OK for: get-intrinsic@1.3.0 want: ^1.2.0
368 silly placeDep ROOT has-symbols@1.1.0 OK for: get-intrinsic@1.3.0 want: ^1.1.0
369 silly placeDep ROOT hasown@2.0.2 OK for: get-intrinsic@1.3.0 want: ^2.0.2
370 silly placeDep ROOT math-intrinsics@1.1.0 OK for: get-intrinsic@1.3.0 want: ^1.1.0
371 silly fetch manifest dunder-proto@^1.0.1
372 silly packumentCache full:https://registry.npmjs.org/dunder-proto cache-miss
373 http fetch GET 200 https://registry.npmjs.org/dunder-proto 259ms (cache revalidated)
374 silly packumentCache full:https://registry.npmjs.org/dunder-proto set size:8256 disposed:false
375 silly placeDep ROOT dunder-proto@1.0.1 OK for: get-proto@1.0.1 want: ^1.0.1
376 silly placeDep ROOT media-typer@0.3.0 OK for: type-is@1.6.18 want: 0.3.0
377 silly reify moves {}
378 silly audit bulk request {
378 silly audit   'body-parser': [ '1.20.3' ],
378 silly audit   express: [ '4.21.2' ],
378 silly audit   bytes: [ '3.1.2' ],
378 silly audit   'content-type': [ '1.0.5' ],
378 silly audit   debug: [ '2.6.9' ],
378 silly audit   depd: [ '2.0.0' ],
378 silly audit   destroy: [ '1.2.0' ],
378 silly audit   'http-errors': [ '2.0.0' ],
378 silly audit   'iconv-lite': [ '0.4.24' ],
378 silly audit   'on-finished': [ '2.4.1' ],
378 silly audit   qs: [ '6.13.0' ],
378 silly audit   'raw-body': [ '2.5.2' ],
378 silly audit   'type-is': [ '1.6.18' ],
378 silly audit   unpipe: [ '1.0.0' ],
378 silly audit   ms: [ '2.0.0', '2.1.3' ],
378 silly audit   accepts: [ '1.3.8' ],
378 silly audit   'array-flatten': [ '1.1.1' ],
378 silly audit   'content-disposition': [ '0.5.4' ],
378 silly audit   cookie: [ '0.7.1' ],
378 silly audit   'cookie-signature': [ '1.0.6' ],
378 silly audit   encodeurl: [ '2.0.0', '1.0.2' ],
378 silly audit   'escape-html': [ '1.0.3' ],
378 silly audit   etag: [ '1.8.1' ],
378 silly audit   finalhandler: [ '1.3.1' ],
378 silly audit   fresh: [ '0.5.2' ],
378 silly audit   'merge-descriptors': [ '1.0.3' ],
378 silly audit   methods: [ '1.1.2' ],
378 silly audit   parseurl: [ '1.3.3' ],
378 silly audit   'path-to-regexp': [ '0.1.12' ],
378 silly audit   'proxy-addr': [ '2.0.7' ],
378 silly audit   'range-parser': [ '1.2.1' ],
378 silly audit   'safe-buffer': [ '5.2.1' ],
378 silly audit   send: [ '0.19.0' ],
378 silly audit   'serve-static': [ '1.16.2' ],
378 silly audit   setprototypeof: [ '1.2.0' ],
378 silly audit   statuses: [ '2.0.1' ],
378 silly audit   'utils-merge': [ '1.0.1' ],
378 silly audit   vary: [ '1.1.2' ],
378 silly audit   'mime-types': [ '2.1.35' ],
378 silly audit   negotiator: [ '0.6.3' ],
378 silly audit   inherits: [ '2.0.4' ],
378 silly audit   toidentifier: [ '1.0.1' ],
378 silly audit   'safer-buffer': [ '2.1.2' ],
378 silly audit   'mime-db': [ '1.52.0' ],
378 silly audit   'ee-first': [ '1.1.1' ],
378 silly audit   forwarded: [ '0.2.0' ],
378 silly audit   'ipaddr.js': [ '1.9.1' ],
378 silly audit   'side-channel': [ '1.1.0' ],
378 silly audit   mime: [ '1.6.0' ],
378 silly audit   'es-errors': [ '1.3.0' ],
378 silly audit   'object-inspect': [ '1.13.4' ],
378 silly audit   'side-channel-list': [ '1.0.0' ],
378 silly audit   'side-channel-map': [ '1.0.1' ],
378 silly audit   'side-channel-weakmap': [ '1.0.2' ],
378 silly audit   'call-bound': [ '1.0.4' ],
378 silly audit   'get-intrinsic': [ '1.3.0' ],
378 silly audit   'call-bind-apply-helpers': [ '1.0.2' ],
378 silly audit   'function-bind': [ '1.1.2' ],
378 silly audit   'es-define-property': [ '1.0.1' ],
378 silly audit   'es-object-atoms': [ '1.1.1' ],
378 silly audit   'get-proto': [ '1.0.1' ],
378 silly audit   gopd: [ '1.2.0' ],
378 silly audit   'has-symbols': [ '1.1.0' ],
378 silly audit   hasown: [ '2.0.2' ],
378 silly audit   'math-intrinsics': [ '1.1.0' ],
378 silly audit   'dunder-proto': [ '1.0.1' ],
378 silly audit   'media-typer': [ '0.3.0' ]
378 silly audit }
379 http cache media-typer@https://registry.npmjs.org/media-typer/-/media-typer-0.3.0.tgz 0ms (cache hit)
380 http cache dunder-proto@https://registry.npmjs.org/dunder-proto/-/dunder-proto-1.0.1.tgz 0ms (cache hit)
381 http cache has-symbols@https://registry.npmjs.org/has-symbols/-/has-symbols-1.1.0.tgz 0ms (cache hit)
382 http cache hasown@https://registry.npmjs.org/hasown/-/hasown-2.0.2.tgz 0ms (cache hit)
383 http cache math-intrinsics@https://registry.npmjs.org/math-intrinsics/-/math-intrinsics-1.1.0.tgz 0ms (cache hit)
384 http cache gopd@https://registry.npmjs.org/gopd/-/gopd-1.2.0.tgz 1ms (cache hit)
385 http cache es-define-property@https://registry.npmjs.org/es-define-property/-/es-define-property-1.0.1.tgz 0ms (cache hit)
386 http cache function-bind@https://registry.npmjs.org/function-bind/-/function-bind-1.1.2.tgz 0ms (cache hit)
387 http cache es-object-atoms@https://registry.npmjs.org/es-object-atoms/-/es-object-atoms-1.1.1.tgz 0ms (cache hit)
388 http cache side-channel-map@https://registry.npmjs.org/side-channel-map/-/side-channel-map-1.0.1.tgz 0ms (cache hit)
389 http cache get-proto@https://registry.npmjs.org/get-proto/-/get-proto-1.0.1.tgz 0ms (cache hit)
390 http cache get-intrinsic@https://registry.npmjs.org/get-intrinsic/-/get-intrinsic-1.3.0.tgz 0ms (cache hit)
391 http cache call-bind-apply-helpers@https://registry.npmjs.org/call-bind-apply-helpers/-/call-bind-apply-helpers-1.0.2.tgz 0ms (cache hit)
392 http cache object-inspect@https://registry.npmjs.org/object-inspect/-/object-inspect-1.13.4.tgz 0ms (cache hit)
393 http cache call-bound@https://registry.npmjs.org/call-bound/-/call-bound-1.0.4.tgz 0ms (cache hit)
394 http cache mime@https://registry.npmjs.org/mime/-/mime-1.6.0.tgz 0ms (cache hit)
395 http cache side-channel-weakmap@https://registry.npmjs.org/side-channel-weakmap/-/side-channel-weakmap-1.0.2.tgz 0ms (cache hit)
396 http cache ipaddr.js@https://registry.npmjs.org/ipaddr.js/-/ipaddr.js-1.9.1.tgz 1ms (cache hit)
397 http cache side-channel-list@https://registry.npmjs.org/side-channel-list/-/side-channel-list-1.0.0.tgz 0ms (cache hit)
398 http cache side-channel@https://registry.npmjs.org/side-channel/-/side-channel-1.1.0.tgz 0ms (cache hit)
399 http cache es-errors@https://registry.npmjs.org/es-errors/-/es-errors-1.3.0.tgz 0ms (cache hit)
400 http cache toidentifier@https://registry.npmjs.org/toidentifier/-/toidentifier-1.0.1.tgz 0ms (cache hit)
401 http cache forwarded@https://registry.npmjs.org/forwarded/-/forwarded-0.2.0.tgz 0ms (cache hit)
402 http cache mime-db@https://registry.npmjs.org/mime-db/-/mime-db-1.52.0.tgz 1ms (cache hit)
403 http cache ee-first@https://registry.npmjs.org/ee-first/-/ee-first-1.1.1.tgz 0ms (cache hit)
404 http cache negotiator@https://registry.npmjs.org/negotiator/-/negotiator-0.6.3.tgz 0ms (cache hit)
405 http cache safer-buffer@https://registry.npmjs.org/safer-buffer/-/safer-buffer-2.1.2.tgz 1ms (cache hit)
406 http cache statuses@https://registry.npmjs.org/statuses/-/statuses-2.0.1.tgz 0ms (cache hit)
407 http cache serve-static@https://registry.npmjs.org/serve-static/-/serve-static-1.16.2.tgz 0ms (cache hit)
408 http cache inherits@https://registry.npmjs.org/inherits/-/inherits-2.0.4.tgz 0ms (cache hit)
409 http cache mime-types@https://registry.npmjs.org/mime-types/-/mime-types-2.1.35.tgz 0ms (cache hit)
410 http cache setprototypeof@https://registry.npmjs.org/setprototypeof/-/setprototypeof-1.2.0.tgz 0ms (cache hit)
411 http cache path-to-regexp@https://registry.npmjs.org/path-to-regexp/-/path-to-regexp-0.1.12.tgz 0ms (cache hit)
412 http cache vary@https://registry.npmjs.org/vary/-/vary-1.1.2.tgz 0ms (cache hit)
413 http cache utils-merge@https://registry.npmjs.org/utils-merge/-/utils-merge-1.0.1.tgz 0ms (cache hit)
414 http cache send@https://registry.npmjs.org/send/-/send-0.19.0.tgz 0ms (cache hit)
415 http cache safe-buffer@https://registry.npmjs.org/safe-buffer/-/safe-buffer-5.2.1.tgz 0ms (cache hit)
416 http cache range-parser@https://registry.npmjs.org/range-parser/-/range-parser-1.2.1.tgz 0ms (cache hit)
417 http cache parseurl@https://registry.npmjs.org/parseurl/-/parseurl-1.3.3.tgz 0ms (cache hit)
418 http cache merge-descriptors@https://registry.npmjs.org/merge-descriptors/-/merge-descriptors-1.0.3.tgz 0ms (cache hit)
419 http cache etag@https://registry.npmjs.org/etag/-/etag-1.8.1.tgz 0ms (cache hit)
420 http cache proxy-addr@https://registry.npmjs.org/proxy-addr/-/proxy-addr-2.0.7.tgz 1ms (cache hit)
421 http cache fresh@https://registry.npmjs.org/fresh/-/fresh-0.5.2.tgz 1ms (cache hit)
422 http cache encodeurl@https://registry.npmjs.org/encodeurl/-/encodeurl-2.0.0.tgz 0ms (cache hit)
423 http cache finalhandler@https://registry.npmjs.org/finalhandler/-/finalhandler-1.3.1.tgz 0ms (cache hit)
424 http cache escape-html@https://registry.npmjs.org/escape-html/-/escape-html-1.0.3.tgz 0ms (cache hit)
425 http cache content-disposition@https://registry.npmjs.org/content-disposition/-/content-disposition-0.5.4.tgz 0ms (cache hit)
426 http cache methods@https://registry.npmjs.org/methods/-/methods-1.1.2.tgz 0ms (cache hit)
427 http cache cookie-signature@https://registry.npmjs.org/cookie-signature/-/cookie-signature-1.0.6.tgz 0ms (cache hit)
428 http cache accepts@https://registry.npmjs.org/accepts/-/accepts-1.3.8.tgz 0ms (cache hit)
429 http cache cookie@https://registry.npmjs.org/cookie/-/cookie-0.7.1.tgz 0ms (cache hit)
430 http cache array-flatten@https://registry.npmjs.org/array-flatten/-/array-flatten-1.1.1.tgz 0ms (cache hit)
431 http cache type-is@https://registry.npmjs.org/type-is/-/type-is-1.6.18.tgz 0ms (cache hit)
432 http cache ms@https://registry.npmjs.org/ms/-/ms-2.0.0.tgz 0ms (cache hit)
433 http cache raw-body@https://registry.npmjs.org/raw-body/-/raw-body-2.5.2.tgz 0ms (cache hit)
434 http cache iconv-lite@https://registry.npmjs.org/iconv-lite/-/iconv-lite-0.4.24.tgz 0ms (cache hit)
435 http cache unpipe@https://registry.npmjs.org/unpipe/-/unpipe-1.0.0.tgz 0ms (cache hit)
436 http cache destroy@https://registry.npmjs.org/destroy/-/destroy-1.2.0.tgz 0ms (cache hit)
437 http cache qs@https://registry.npmjs.org/qs/-/qs-6.13.0.tgz 0ms (cache hit)
438 http cache debug@https://registry.npmjs.org/debug/-/debug-2.6.9.tgz 0ms (cache hit)
439 http cache on-finished@https://registry.npmjs.org/on-finished/-/on-finished-2.4.1.tgz 0ms (cache hit)
440 http cache depd@https://registry.npmjs.org/depd/-/depd-2.0.0.tgz 0ms (cache hit)
441 http cache body-parser@https://registry.npmjs.org/body-parser/-/body-parser-1.20.3.tgz 0ms (cache hit)
442 http cache http-errors@https://registry.npmjs.org/http-errors/-/http-errors-2.0.0.tgz 0ms (cache hit)
443 http cache encodeurl@https://registry.npmjs.org/encodeurl/-/encodeurl-1.0.2.tgz 0ms (cache hit)
444 http cache bytes@https://registry.npmjs.org/bytes/-/bytes-3.1.2.tgz 0ms (cache hit)
445 silly tarball no local data for media-typer@https://registry.npmjs.org/media-typer/-/media-typer-0.3.0.tgz. Extracting by manifest.
446 silly tarball no local data for ipaddr.js@https://registry.npmjs.org/ipaddr.js/-/ipaddr.js-1.9.1.tgz. Extracting by manifest.
447 silly tarball no local data for toidentifier@https://registry.npmjs.org/toidentifier/-/toidentifier-1.0.1.tgz. Extracting by manifest.
448 silly tarball no local data for forwarded@https://registry.npmjs.org/forwarded/-/forwarded-0.2.0.tgz. Extracting by manifest.
449 silly tarball no local data for mime-db@https://registry.npmjs.org/mime-db/-/mime-db-1.52.0.tgz. Extracting by manifest.
450 silly tarball no local data for ee-first@https://registry.npmjs.org/ee-first/-/ee-first-1.1.1.tgz. Extracting by manifest.
451 silly tarball no local data for negotiator@https://registry.npmjs.org/negotiator/-/negotiator-0.6.3.tgz. Extracting by manifest.
452 http cache ms@https://registry.npmjs.org/ms/-/ms-2.1.3.tgz 0ms (cache hit)
453 silly tarball no local data for statuses@https://registry.npmjs.org/statuses/-/statuses-2.0.1.tgz. Extracting by manifest.
454 silly tarball no local data for serve-static@https://registry.npmjs.org/serve-static/-/serve-static-1.16.2.tgz. Extracting by manifest.
455 http cache content-type@https://registry.npmjs.org/content-type/-/content-type-1.0.5.tgz 0ms (cache hit)
456 silly tarball no local data for inherits@https://registry.npmjs.org/inherits/-/inherits-2.0.4.tgz. Extracting by manifest.
457 silly tarball no local data for mime-types@https://registry.npmjs.org/mime-types/-/mime-types-2.1.35.tgz. Extracting by manifest.
458 silly tarball no local data for setprototypeof@https://registry.npmjs.org/setprototypeof/-/setprototypeof-1.2.0.tgz. Extracting by manifest.
459 silly tarball no local data for path-to-regexp@https://registry.npmjs.org/path-to-regexp/-/path-to-regexp-0.1.12.tgz. Extracting by manifest.
460 silly tarball no local data for vary@https://registry.npmjs.org/vary/-/vary-1.1.2.tgz. Extracting by manifest.
461 silly tarball no local data for utils-merge@https://registry.npmjs.org/utils-merge/-/utils-merge-1.0.1.tgz. Extracting by manifest.
462 silly tarball no local data for send@https://registry.npmjs.org/send/-/send-0.19.0.tgz. Extracting by manifest.
463 silly tarball no local data for safe-buffer@https://registry.npmjs.org/safe-buffer/-/safe-buffer-5.2.1.tgz. Extracting by manifest.
464 silly tarball no local data for range-parser@https://registry.npmjs.org/range-parser/-/range-parser-1.2.1.tgz. Extracting by manifest.
465 silly tarball no local data for parseurl@https://registry.npmjs.org/parseurl/-/parseurl-1.3.3.tgz. Extracting by manifest.
466 silly tarball no local data for merge-descriptors@https://registry.npmjs.org/merge-descriptors/-/merge-descriptors-1.0.3.tgz. Extracting by manifest.
467 silly tarball no local data for etag@https://registry.npmjs.org/etag/-/etag-1.8.1.tgz. Extracting by manifest.
468 silly tarball no local data for proxy-addr@https://registry.npmjs.org/proxy-addr/-/proxy-addr-2.0.7.tgz. Extracting by manifest.
469 silly tarball no local data for fresh@https://registry.npmjs.org/fresh/-/fresh-0.5.2.tgz. Extracting by manifest.
470 silly tarball no local data for encodeurl@https://registry.npmjs.org/encodeurl/-/encodeurl-2.0.0.tgz. Extracting by manifest.
471 silly tarball no local data for finalhandler@https://registry.npmjs.org/finalhandler/-/finalhandler-1.3.1.tgz. Extracting by manifest.
472 silly tarball no local data for escape-html@https://registry.npmjs.org/escape-html/-/escape-html-1.0.3.tgz. Extracting by manifest.
473 silly tarball no local data for content-disposition@https://registry.npmjs.org/content-disposition/-/content-disposition-0.5.4.tgz. Extracting by manifest.
474 silly tarball no local data for methods@https://registry.npmjs.org/methods/-/methods-1.1.2.tgz. Extracting by manifest.
475 silly tarball no local data for cookie-signature@https://registry.npmjs.org/cookie-signature/-/cookie-signature-1.0.6.tgz. Extracting by manifest.
476 silly tarball no local data for accepts@https://registry.npmjs.org/accepts/-/accepts-1.3.8.tgz. Extracting by manifest.
477 silly tarball no local data for cookie@https://registry.npmjs.org/cookie/-/cookie-0.7.1.tgz. Extracting by manifest.
478 silly tarball no local data for array-flatten@https://registry.npmjs.org/array-flatten/-/array-flatten-1.1.1.tgz. Extracting by manifest.
479 silly tarball no local data for type-is@https://registry.npmjs.org/type-is/-/type-is-1.6.18.tgz. Extracting by manifest.
480 silly tarball no local data for ms@https://registry.npmjs.org/ms/-/ms-2.0.0.tgz. Extracting by manifest.
481 silly tarball no local data for raw-body@https://registry.npmjs.org/raw-body/-/raw-body-2.5.2.tgz. Extracting by manifest.
482 silly tarball no local data for iconv-lite@https://registry.npmjs.org/iconv-lite/-/iconv-lite-0.4.24.tgz. Extracting by manifest.
483 silly tarball no local data for unpipe@https://registry.npmjs.org/unpipe/-/unpipe-1.0.0.tgz. Extracting by manifest.
484 silly tarball no local data for destroy@https://registry.npmjs.org/destroy/-/destroy-1.2.0.tgz. Extracting by manifest.
485 silly tarball no local data for qs@https://registry.npmjs.org/qs/-/qs-6.13.0.tgz. Extracting by manifest.
486 silly tarball no local data for debug@https://registry.npmjs.org/debug/-/debug-2.6.9.tgz. Extracting by manifest.
487 silly tarball no local data for depd@https://registry.npmjs.org/depd/-/depd-2.0.0.tgz. Extracting by manifest.
488 silly tarball no local data for on-finished@https://registry.npmjs.org/on-finished/-/on-finished-2.4.1.tgz. Extracting by manifest.
489 silly tarball no local data for body-parser@https://registry.npmjs.org/body-parser/-/body-parser-1.20.3.tgz. Extracting by manifest.
490 silly tarball no local data for http-errors@https://registry.npmjs.org/http-errors/-/http-errors-2.0.0.tgz. Extracting by manifest.
491 silly tarball no local data for encodeurl@https://registry.npmjs.org/encodeurl/-/encodeurl-1.0.2.tgz. Extracting by manifest.
492 http cache express@https://registry.npmjs.org/express/-/express-4.21.2.tgz 0ms (cache hit)
493 silly tarball no local data for bytes@https://registry.npmjs.org/bytes/-/bytes-3.1.2.tgz. Extracting by manifest.
494 silly tarball no local data for content-type@https://registry.npmjs.org/content-type/-/content-type-1.0.5.tgz. Extracting by manifest.
495 silly tarball no local data for express@https://registry.npmjs.org/express/-/express-4.21.2.tgz. Extracting by manifest.
496 http fetch POST 200 https://registry.npmjs.org/-/npm/v1/security/advisories/bulk 974ms
497 silly audit report {}
498 http fetch GET 200 https://registry.npmjs.org/media-typer/-/media-typer-0.3.0.tgz 4948ms (cache miss)
499 http fetch GET 200 https://registry.npmjs.org/encodeurl/-/encodeurl-2.0.0.tgz 4911ms (cache miss)
500 http fetch GET 200 https://registry.npmjs.org/cookie-signature/-/cookie-signature-1.0.6.tgz 4943ms (cache miss)
501 http fetch GET 200 https://registry.npmjs.org/toidentifier/-/toidentifier-1.0.1.tgz 5003ms (cache miss)
502 http fetch GET 200 https://registry.npmjs.org/range-parser/-/range-parser-1.2.1.tgz 5004ms (cache miss)
503 http fetch GET 200 https://registry.npmjs.org/ee-first/-/ee-first-1.1.1.tgz 5080ms (cache miss)
504 http fetch GET 200 https://registry.npmjs.org/content-disposition/-/content-disposition-0.5.4.tgz 5042ms (cache miss)
505 http fetch GET 200 https://registry.npmjs.org/safe-buffer/-/safe-buffer-5.2.1.tgz 5078ms (cache miss)
506 http fetch GET 200 https://registry.npmjs.org/forwarded/-/forwarded-0.2.0.tgz 5116ms (cache miss)
507 http fetch GET 200 https://registry.npmjs.org/methods/-/methods-1.1.2.tgz 5108ms (cache miss)
508 http fetch GET 200 https://registry.npmjs.org/utils-merge/-/utils-merge-1.0.1.tgz 5157ms (cache miss)
509 http fetch GET 200 https://registry.npmjs.org/destroy/-/destroy-1.2.0.tgz 5122ms (cache miss)
510 http fetch GET 200 https://registry.npmjs.org/unpipe/-/unpipe-1.0.0.tgz 5126ms (cache miss)
511 http fetch GET 200 https://registry.npmjs.org/finalhandler/-/finalhandler-1.3.1.tgz 5157ms (cache miss)
512 http fetch GET 200 https://registry.npmjs.org/setprototypeof/-/setprototypeof-1.2.0.tgz 5188ms (cache miss)
513 http fetch GET 200 https://registry.npmjs.org/merge-descriptors/-/merge-descriptors-1.0.3.tgz 5183ms (cache miss)
514 http fetch GET 200 https://registry.npmjs.org/proxy-addr/-/proxy-addr-2.0.7.tgz 5185ms (cache miss)
515 http fetch GET 200 https://registry.npmjs.org/fresh/-/fresh-0.5.2.tgz 5186ms (cache miss)
516 http fetch GET 200 https://registry.npmjs.org/array-flatten/-/array-flatten-1.1.1.tgz 5174ms (cache miss)
517 http fetch GET 200 https://registry.npmjs.org/path-to-regexp/-/path-to-regexp-0.1.12.tgz 5211ms (cache miss)
518 http fetch GET 200 https://registry.npmjs.org/ipaddr.js/-/ipaddr.js-1.9.1.tgz 5241ms (cache miss)
519 http fetch GET 200 https://registry.npmjs.org/send/-/send-0.19.0.tgz 5214ms (cache miss)
520 http fetch GET 200 https://registry.npmjs.org/parseurl/-/parseurl-1.3.3.tgz 5210ms (cache miss)
521 http fetch GET 200 https://registry.npmjs.org/etag/-/etag-1.8.1.tgz 5234ms (cache miss)
522 http fetch GET 200 https://registry.npmjs.org/ms/-/ms-2.0.0.tgz 5215ms (cache miss)
523 http fetch GET 200 https://registry.npmjs.org/inherits/-/inherits-2.0.4.tgz 5267ms (cache miss)
524 http fetch GET 200 https://registry.npmjs.org/vary/-/vary-1.1.2.tgz 5262ms (cache miss)
525 http fetch GET 200 https://registry.npmjs.org/on-finished/-/on-finished-2.4.1.tgz 5222ms (cache miss)
526 http fetch GET 200 https://registry.npmjs.org/escape-html/-/escape-html-1.0.3.tgz 5257ms (cache miss)
527 http fetch GET 200 https://registry.npmjs.org/bytes/-/bytes-3.1.2.tgz 5222ms (cache miss)
528 http fetch GET 200 https://registry.npmjs.org/http-errors/-/http-errors-2.0.0.tgz 5263ms (cache miss)
529 http fetch GET 200 https://registry.npmjs.org/content-type/-/content-type-1.0.5.tgz 5215ms (cache miss)
530 http fetch GET 200 https://registry.npmjs.org/statuses/-/statuses-2.0.1.tgz 5354ms (cache miss)
531 http fetch GET 200 https://registry.npmjs.org/encodeurl/-/encodeurl-1.0.2.tgz 5285ms (cache miss)
532 http fetch GET 200 https://registry.npmjs.org/type-is/-/type-is-1.6.18.tgz 5316ms (cache miss)
533 http fetch GET 200 https://registry.npmjs.org/raw-body/-/raw-body-2.5.2.tgz 5334ms (cache miss)
534 http fetch GET 200 https://registry.npmjs.org/accepts/-/accepts-1.3.8.tgz 5352ms (cache miss)
535 http fetch GET 200 https://registry.npmjs.org/cookie/-/cookie-0.7.1.tgz 5355ms (cache miss)
536 http fetch GET 200 https://registry.npmjs.org/mime-types/-/mime-types-2.1.35.tgz 5396ms (cache miss)
537 http fetch GET 200 https://registry.npmjs.org/body-parser/-/body-parser-1.20.3.tgz 5357ms (cache miss)
538 http fetch GET 200 https://registry.npmjs.org/negotiator/-/negotiator-0.6.3.tgz 5458ms (cache miss)
539 http fetch GET 200 https://registry.npmjs.org/depd/-/depd-2.0.0.tgz 5403ms (cache miss)
540 http fetch GET 200 https://registry.npmjs.org/serve-static/-/serve-static-1.16.2.tgz 5518ms (cache miss)
541 http fetch GET 200 https://registry.npmjs.org/mime-db/-/mime-db-1.52.0.tgz 5614ms (cache miss)
542 http fetch GET 200 https://registry.npmjs.org/debug/-/debug-2.6.9.tgz 5649ms (cache miss)
543 http fetch GET 200 https://registry.npmjs.org/express/-/express-4.21.2.tgz 5647ms (cache miss)
544 http fetch GET 200 https://registry.npmjs.org/qs/-/qs-6.13.0.tgz 5783ms (cache miss)
545 http fetch GET 200 https://registry.npmjs.org/iconv-lite/-/iconv-lite-0.4.24.tgz 5872ms (cache miss)
546 verbose stack Error: EACCES: permission denied, symlink '../mime/cli.js' -> '/storage/emulated/0/poem-generator-termux/node_modules/.bin/mime'
546 verbose stack     at async symlink (node:internal/fs/promises:1009:10)
546 verbose stack     at async Promise.all (index 0)
546 verbose stack     at async Promise.all (index 0)
546 verbose stack     at async #createBinLinks (/data/data/com.termux/files/usr/lib/node_modules/npm/node_modules/@npmcli/arborist/lib/arborist/rebuild.js:396:5)
546 verbose stack     at async Promise.allSettled (index 0)
546 verbose stack     at async #linkAllBins (/data/data/com.termux/files/usr/lib/node_modules/npm/node_modules/@npmcli/arborist/lib/arborist/rebuild.js:377:5)
546 verbose stack     at async #build (/data/data/com.termux/files/usr/lib/node_modules/npm/node_modules/@npmcli/arborist/lib/arborist/rebuild.js:162:7)
546 verbose stack     at async Arborist.rebuild (/data/data/com.termux/files/usr/lib/node_modules/npm/node_modules/@npmcli/arborist/lib/arborist/rebuild.js:62:5)
546 verbose stack     at async [reifyPackages] (/data/data/com.termux/files/usr/lib/node_modules/npm/node_modules/@npmcli/arborist/lib/arborist/reify.js:332:11)
546 verbose stack     at async Arborist.reify (/data/data/com.termux/files/usr/lib/node_modules/npm/node_modules/@npmcli/arborist/lib/arborist/reify.js:137:5)
547 error code EACCES
548 error syscall symlink
549 error path ../mime/cli.js
550 error dest /storage/emulated/0/poem-generator-termux/node_modules/.bin/mime
551 error errno -13
552 error Error: EACCES: permission denied, symlink '../mime/cli.js' -> '/storage/emulated/0/poem-generator-termux/node_modules/.bin/mime'
552 error     at async symlink (node:internal/fs/promises:1009:10)
552 error     at async Promise.all (index 0)
552 error     at async Promise.all (index 0)
552 error     at async #createBinLinks (/data/data/com.termux/files/usr/lib/node_modules/npm/node_modules/@npmcli/arborist/lib/arborist/rebuild.js:396:5)
552 error     at async Promise.allSettled (index 0)
552 error     at async #linkAllBins (/data/data/com.termux/files/usr/lib/node_modules/npm/node_modules/@npmcli/arborist/lib/arborist/rebuild.js:377:5)
552 error     at async #build (/data/data/com.termux/files/usr/lib/node_modules/npm/node_modules/@npmcli/arborist/lib/arborist/rebuild.js:162:7)
552 error     at async Arborist.rebuild (/data/data/com.termux/files/usr/lib/node_modules/npm/node_modules/@npmcli/arborist/lib/arborist/rebuild.js:62:5)
552 error     at async [reifyPackages] (/data/data/com.termux/files/usr/lib/node_modules/npm/node_modules/@npmcli/arborist/lib/arborist/reify.js:332:11)
552 error     at async Arborist.reify (/data/data/com.termux/files/usr/lib/node_modules/npm/node_modules/@npmcli/arborist/lib/arborist/reify.js:137:5) {
552 error   errno: -13,
552 error   code: 'EACCES',
552 error   syscall: 'symlink',
552 error   path: '../mime/cli.js',
552 error   dest: '/storage/emulated/0/poem-generator-termux/node_modules/.bin/mime'
552 error }
553 error
553 error The operation was rejected by your operating system.
553 error It is likely you do not have the permissions to access this file as the current user
553 error
553 error If you believe this might be a permissions issue, please double-check the
553 error permissions of the file and its containing directories, or try running
553 error the command again as root/Administrator.
554 silly unfinished npm timer reify 1760268858276
555 silly unfinished npm timer reify:build 1760268871663
556 silly unfinished npm timer build 1760268871664
557 silly unfinished npm timer build:deps 1760268871665
558 silly unfinished npm timer build:link 1760268871676
559 silly unfinished npm timer build:link:node_modules/mime 1760268871676
560 verbose cwd /storage/emulated/0/poem-generator-termux
561 verbose os Linux 5.15.167-android13-8-00014-gbf0a81a7f319-ab13297889
562 verbose node v24.9.0
563 verbose npm  v11.6.0
564 verbose exit -13
565 verbose code -13
566 error A complete log of this run can be found in: /data/data/com.termux/files/home/.npm/_logs/2025-10-12T11_34_16_944Z-debug-0.log
